<?xml version="1.0" encoding="UTF-8"?>
<testng-results ignored="0" total="2" passed="2" failed="0" skipped="0">
  <reporter-output>
  </reporter-output>
  <suite started-at="2022-06-02T23:22:04 IST" name="Default suite" finished-at="2022-06-02T23:22:08 IST" duration-ms="3251">
    <groups>
      <group name="cucumber">
        <method signature="AbstractTestNGCucumberTests.runScenario(io.cucumber.testng.PickleWrapper, io.cucumber.testng.FeatureWrapper)[pri:0, instance:runner.TestRunner@49dc7102]" name="runScenario" class="io.cucumber.testng.AbstractTestNGCucumberTests"/>
      </group> <!-- cucumber -->
    </groups>
    <test started-at="2022-06-02T23:22:04 IST" name="Default test" finished-at="2022-06-02T23:22:08 IST" duration-ms="3251">
      <class name="runner.TestRunner">
        <test-method is-config="true" signature="setUpClass()[pri:0, instance:runner.TestRunner@49dc7102]" started-at="2022-06-02T23:22:04 IST" name="setUpClass" finished-at="2022-06-02T23:22:05 IST" duration-ms="342" status="PASS">
          <reporter-output>
          </reporter-output>
        </test-method> <!-- setUpClass -->
        <test-method signature="runScenario(io.cucumber.testng.PickleWrapper, io.cucumber.testng.FeatureWrapper)[pri:0, instance:runner.TestRunner@49dc7102]" started-at="2022-06-02T23:22:05 IST" name="runScenario" description="Runs Cucumber Scenarios" data-provider="scenarios" finished-at="2022-06-02T23:22:07 IST" duration-ms="1912" status="PASS">
          <params>
            <param index="0">
              <value>
                <![CDATA["I want to get the list of users on the page."]]>
              </value>
            </param>
            <param index="1">
              <value>
                <![CDATA["Optional[Get all list of users]"]]>
              </value>
            </param>
          </params>
          <reporter-output>
          </reporter-output>
        </test-method> <!-- runScenario -->
        <test-method signature="runScenario(io.cucumber.testng.PickleWrapper, io.cucumber.testng.FeatureWrapper)[pri:0, instance:runner.TestRunner@49dc7102]" started-at="2022-06-02T23:22:07 IST" name="runScenario" description="Runs Cucumber Scenarios" data-provider="scenarios" finished-at="2022-06-02T23:22:07 IST" duration-ms="921" status="PASS">
          <params>
            <param index="0">
              <value>
                <![CDATA["I want to create a new user."]]>
              </value>
            </param>
            <param index="1">
              <value>
                <![CDATA["Optional[Get all list of users]"]]>
              </value>
            </param>
          </params>
          <reporter-output>
          </reporter-output>
        </test-method> <!-- runScenario -->
        <test-method is-config="true" signature="tearDownClass()[pri:0, instance:runner.TestRunner@49dc7102]" started-at="2022-06-02T23:22:07 IST" name="tearDownClass" finished-at="2022-06-02T23:22:08 IST" duration-ms="41" status="PASS">
          <reporter-output>
          </reporter-output>
        </test-method> <!-- tearDownClass -->
      </class> <!-- runner.TestRunner -->
    </test> <!-- Default test -->
  </suite> <!-- Default suite -->
</testng-results>
